# JRE version: Java(TM) SE Runtime Environment (8.0_131-b11) (build 1.8.0_131-b11)
# Java VM: Java HotSpot(TM) 64-Bit Server VM (25.131-b11 mixed mode windows-amd64 compressed oops)
Heap:
 PSYoungGen      total 76288K, used 73960K [0x000000076af00000, 0x0000000774400000, 0x00000007c0000000)
  eden space 65536K, 97% used [0x000000076af00000,0x000000076ed20890,0x000000076ef00000)
  from space 10752K, 96% used [0x000000076f980000,0x00000007703998f8,0x0000000770400000)
  to   space 10752K, 0% used [0x000000076ef00000,0x000000076ef00000,0x000000076f980000)
 ParOldGen       total 175104K, used 33932K [0x00000006c0c00000, 0x00000006cb700000, 0x000000076af00000)
  object space 175104K, 19% used [0x00000006c0c00000,0x00000006c2d23048,0x00000006cb700000)
 Metaspace       used 12572K, capacity 12869K, committed 13184K, reserved 1060864K
  class space    used 1046K, capacity 1147K, committed 1152K, reserved 1048576K
GC Heap History (4 events):
Event: 0.973 GC heap before
{Heap before GC invocations=1 (full 0):
 PSYoungGen      total 76288K, used 40009K [0x000000076af00000, 0x0000000770400000, 0x00000007c0000000)
  eden space 65536K, 61% used [0x000000076af00000,0x000000076d612760,0x000000076ef00000)
  from space 10752K, 0% used [0x000000076f980000,0x000000076f980000,0x0000000770400000)
  to   space 10752K, 0% used [0x000000076ef00000,0x000000076ef00000,0x000000076f980000)
 ParOldGen       total 175104K, used 0K [0x00000006c0c00000, 0x00000006cb700000, 0x000000076af00000)
  object space 175104K, 0% used [0x00000006c0c00000,0x00000006c0c00000,0x00000006cb700000)
 Metaspace       used 10693K, capacity 10887K, committed 11008K, reserved 1058816K
  class space    used 914K, capacity 1002K, committed 1024K, reserved 1048576K
Event: 0.978 GC heap after
Heap after GC invocations=1 (full 0):
 PSYoungGen      total 76288K, used 10724K [0x000000076af00000, 0x0000000770400000, 0x00000007c0000000)
  eden space 65536K, 0% used [0x000000076af00000,0x000000076af00000,0x000000076ef00000)
  from space 10752K, 99% used [0x000000076ef00000,0x000000076f9793c8,0x000000076f980000)
  to   space 10752K, 0% used [0x000000076f980000,0x000000076f980000,0x0000000770400000)
 ParOldGen       total 175104K, used 17724K [0x00000006c0c00000, 0x00000006cb700000, 0x000000076af00000)
  object space 175104K, 10% used [0x00000006c0c00000,0x00000006c1d4f028,0x00000006cb700000)
 Metaspace       used 10693K, capacity 10887K, committed 11008K, reserved 1058816K
  class space    used 914K, capacity 1002K, committed 1024K, reserved 1048576K
}
Event: 1.064 GC heap before
{Heap before GC invocations=2 (full 0):
 PSYoungGen      total 76288K, used 76260K [0x000000076af00000, 0x0000000770400000, 0x00000007c0000000)
  eden space 65536K, 100% used [0x000000076af00000,0x000000076ef00000,0x000000076ef00000)
  from space 10752K, 99% used [0x000000076ef00000,0x000000076f9793c8,0x000000076f980000)
  to   space 10752K, 0% used [0x000000076f980000,0x000000076f980000,0x0000000770400000)
 ParOldGen       total 175104K, used 17724K [0x00000006c0c00000, 0x00000006cb700000, 0x000000076af00000)
  object space 175104K, 10% used [0x00000006c0c00000,0x00000006c1d4f028,0x00000006cb700000)
 Metaspace       used 10707K, capacity 10951K, committed 11264K, reserved 1058816K
  class space    used 914K, capacity 1002K, committed 1024K, reserved 1048576K
Event: 1.070 GC heap after
Heap after GC invocations=2 (full 0):
 PSYoungGen      total 76288K, used 10342K [0x000000076af00000, 0x0000000774400000, 0x00000007c0000000)
  eden space 65536K, 0% used [0x000000076af00000,0x000000076af00000,0x000000076ef00000)
  from space 10752K, 96% used [0x000000076f980000,0x00000007703998f8,0x0000000770400000)
  to   space 10752K, 0% used [0x000000076ef00000,0x000000076ef00000,0x000000076f980000)
 ParOldGen       total 175104K, used 33932K [0x00000006c0c00000, 0x00000006cb700000, 0x000000076af00000)
  object space 175104K, 19% used [0x00000006c0c00000,0x00000006c2d23048,0x00000006cb700000)
 Metaspace       used 10707K, capacity 10951K, committed 11264K, reserved 1058816K
  class space    used 914K, capacity 1002K, committed 1024K, reserved 1048576K
}

