# JRE version: Java(TM) SE Runtime Environment (8.0_131-b11) (build 1.8.0_131-b11)
# Java VM: Java HotSpot(TM) 64-Bit Server VM (25.131-b11 mixed mode windows-amd64 compressed oops)
Heap:
 PSYoungGen      total 76288K, used 10624K [0x000000076af00000, 0x0000000774400000, 0x00000007c0000000)
  eden space 65536K, 11% used [0x000000076af00000,0x000000076b62f2a0,0x000000076ef00000)
  from space 10752K, 30% used [0x000000076ef00000,0x000000076f2310c0,0x000000076f980000)
  to   space 10752K, 0% used [0x0000000773980000,0x0000000773980000,0x0000000774400000)
 ParOldGen       total 175104K, used 33937K [0x00000006c0c00000, 0x00000006cb700000, 0x000000076af00000)
  object space 175104K, 19% used [0x00000006c0c00000,0x00000006c2d24698,0x00000006cb700000)
 Metaspace       used 12563K, capacity 12811K, committed 12928K, reserved 1060864K
  class space    used 1046K, capacity 1146K, committed 1152K, reserved 1048576K
GC Heap History (6 events):
Event: 0.937 GC heap before
{Heap before GC invocations=1 (full 0):
 PSYoungGen      total 76288K, used 45391K [0x000000076af00000, 0x0000000770400000, 0x00000007c0000000)
  eden space 65536K, 69% used [0x000000076af00000,0x000000076db53f58,0x000000076ef00000)
  from space 10752K, 0% used [0x000000076f980000,0x000000076f980000,0x0000000770400000)
  to   space 10752K, 0% used [0x000000076ef00000,0x000000076ef00000,0x000000076f980000)
 ParOldGen       total 175104K, used 0K [0x00000006c0c00000, 0x00000006cb700000, 0x000000076af00000)
  object space 175104K, 0% used [0x00000006c0c00000,0x00000006c0c00000,0x00000006cb700000)
 Metaspace       used 10702K, capacity 10899K, committed 11008K, reserved 1058816K
  class space    used 913K, capacity 1002K, committed 1024K, reserved 1048576K
Event: 0.943 GC heap after
Heap after GC invocations=1 (full 0):
 PSYoungGen      total 76288K, used 10739K [0x000000076af00000, 0x0000000770400000, 0x00000007c0000000)
  eden space 65536K, 0% used [0x000000076af00000,0x000000076af00000,0x000000076ef00000)
  from space 10752K, 99% used [0x000000076ef00000,0x000000076f97ce20,0x000000076f980000)
  to   space 10752K, 0% used [0x000000076f980000,0x000000076f980000,0x0000000770400000)
 ParOldGen       total 175104K, used 17721K [0x00000006c0c00000, 0x00000006cb700000, 0x000000076af00000)
  object space 175104K, 10% used [0x00000006c0c00000,0x00000006c1d4e678,0x00000006cb700000)
 Metaspace       used 10702K, capacity 10899K, committed 11008K, reserved 1058816K
  class space    used 913K, capacity 1002K, committed 1024K, reserved 1048576K
}
Event: 1.001 GC heap before
{Heap before GC invocations=2 (full 0):
 PSYoungGen      total 76288K, used 76275K [0x000000076af00000, 0x0000000770400000, 0x00000007c0000000)
  eden space 65536K, 100% used [0x000000076af00000,0x000000076ef00000,0x000000076ef00000)
  from space 10752K, 99% used [0x000000076ef00000,0x000000076f97ce20,0x000000076f980000)
  to   space 10752K, 0% used [0x000000076f980000,0x000000076f980000,0x0000000770400000)
 ParOldGen       total 175104K, used 17721K [0x00000006c0c00000, 0x00000006cb700000, 0x000000076af00000)
  object space 175104K, 10% used [0x00000006c0c00000,0x00000006c1d4e678,0x00000006cb700000)
 Metaspace       used 10715K, capacity 10899K, committed 11008K, reserved 1058816K
  class space    used 914K, capacity 1002K, committed 1024K, reserved 1048576K
Event: 1.006 GC heap after
Heap after GC invocations=2 (full 0):
 PSYoungGen      total 76288K, used 10374K [0x000000076af00000, 0x0000000774400000, 0x00000007c0000000)
  eden space 65536K, 0% used [0x000000076af00000,0x000000076af00000,0x000000076ef00000)
  from space 10752K, 96% used [0x000000076f980000,0x00000007703a18f8,0x0000000770400000)
  to   space 10752K, 0% used [0x000000076ef00000,0x000000076ef00000,0x000000076f980000)
 ParOldGen       total 175104K, used 33929K [0x00000006c0c00000, 0x00000006cb700000, 0x000000076af00000)
  object space 175104K, 19% used [0x00000006c0c00000,0x00000006c2d22698,0x00000006cb700000)
 Metaspace       used 10715K, capacity 10899K, committed 11008K, reserved 1058816K
  class space    used 914K, capacity 1002K, committed 1024K, reserved 1048576K
}
Event: 3.895 GC heap before
{Heap before GC invocations=3 (full 0):
 PSYoungGen      total 76288K, used 72794K [0x000000076af00000, 0x0000000774400000, 0x00000007c0000000)
  eden space 65536K, 95% used [0x000000076af00000,0x000000076ebf4f80,0x000000076ef00000)
  from space 10752K, 96% used [0x000000076f980000,0x00000007703a18f8,0x0000000770400000)
  to   space 10752K, 0% used [0x000000076ef00000,0x000000076ef00000,0x000000076f980000)
 ParOldGen       total 175104K, used 33929K [0x00000006c0c00000, 0x00000006cb700000, 0x000000076af00000)
  object space 175104K, 19% used [0x00000006c0c00000,0x00000006c2d22698,0x00000006cb700000)
 Metaspace       used 12561K, capacity 12811K, committed 12928K, reserved 1060864K
  class space    used 1046K, capacity 1146K, committed 1152K, reserved 1048576K
Event: 3.897 GC heap after
Heap after GC invocations=3 (full 0):
 PSYoungGen      total 76288K, used 3268K [0x000000076af00000, 0x0000000774400000, 0x00000007c0000000)
  eden space 65536K, 0% used [0x000000076af00000,0x000000076af00000,0x000000076ef00000)
  from space 10752K, 30% used [0x000000076ef00000,0x000000076f2310c0,0x000000076f980000)
  to   space 10752K, 0% used [0x0000000773980000,0x0000000773980000,0x0000000774400000)
 ParOldGen       total 175104K, used 33937K [0x00000006c0c00000, 0x00000006cb700000, 0x000000076af00000)
  object space 175104K, 19% used [0x00000006c0c00000,0x00000006c2d24698,0x00000006cb700000)
 Metaspace       used 12561K, capacity 12811K, committed 12928K, reserved 1060864K
  class space    used 1046K, capacity 1146K, committed 1152K, reserved 1048576K
}

